0 info it worked if it ends with ok
1 verbose cli [ '/usr/bin/node', '/usr/bin/npm', 'install' ]
2 info using npm@1.2.21
3 info using node@v0.10.7
4 verbose node symlink /usr/bin/node
5 verbose read json /var/www/newhavenio-website/public_html/package.json
6 warn package.json js-nhvio2@0.0.0 No repository field.
7 verbose readDependencies using package.json deps
8 verbose install where, deps [ '/var/www/newhavenio-website/public_html',
8 verbose install   [ 'grunt-karma',
8 verbose install     'grunt',
8 verbose install     'grunt-contrib-copy',
8 verbose install     'grunt-contrib-concat',
8 verbose install     'grunt-contrib-coffee',
8 verbose install     'grunt-contrib-uglify',
8 verbose install     'grunt-contrib-compass',
8 verbose install     'grunt-contrib-jshint',
8 verbose install     'grunt-contrib-cssmin',
8 verbose install     'grunt-contrib-connect',
8 verbose install     'grunt-contrib-clean',
8 verbose install     'grunt-contrib-htmlmin',
8 verbose install     'grunt-contrib-imagemin',
8 verbose install     'grunt-contrib-watch',
8 verbose install     'grunt-usemin',
8 verbose install     'grunt-svgmin',
8 verbose install     'grunt-rev',
8 verbose install     'grunt-open',
8 verbose install     'grunt-concurrent',
8 verbose install     'matchdep',
8 verbose install     'connect-livereload',
8 verbose install     'grunt-google-cdn',
8 verbose install     'grunt-ngmin',
8 verbose install     'grunt-cli',
8 verbose install     'bower',
8 verbose install     'grunt-s3',
8 verbose install     'generator-angular' ] ]
9 verbose from cache /var/www/newhavenio-website/public_html/package.json
10 info preinstall js-nhvio2@0.0.0
11 verbose read json /var/www/newhavenio-website/public_html/node_modules/bower/package.json
12 verbose read json /var/www/newhavenio-website/public_html/node_modules/connect-livereload/package.json
13 verbose read json /var/www/newhavenio-website/public_html/node_modules/generator-angular/package.json
14 verbose read json /var/www/newhavenio-website/public_html/node_modules/generator-karma/package.json
15 verbose read json /var/www/newhavenio-website/public_html/node_modules/grunt/package.json
16 verbose read json /var/www/newhavenio-website/public_html/node_modules/grunt-cli/package.json
17 verbose read json /var/www/newhavenio-website/public_html/node_modules/grunt-concurrent/package.json
18 verbose read json /var/www/newhavenio-website/public_html/node_modules/grunt-contrib-clean/package.json
19 verbose read json /var/www/newhavenio-website/public_html/node_modules/grunt-contrib-coffee/package.json
20 verbose read json /var/www/newhavenio-website/public_html/node_modules/grunt-contrib-compass/package.json
21 verbose read json /var/www/newhavenio-website/public_html/node_modules/grunt-contrib-concat/package.json
22 verbose read json /var/www/newhavenio-website/public_html/node_modules/grunt-contrib-connect/package.json
23 verbose read json /var/www/newhavenio-website/public_html/node_modules/grunt-contrib-copy/package.json
24 verbose read json /var/www/newhavenio-website/public_html/node_modules/grunt-contrib-cssmin/package.json
25 verbose read json /var/www/newhavenio-website/public_html/node_modules/grunt-contrib-htmlmin/package.json
26 verbose read json /var/www/newhavenio-website/public_html/node_modules/grunt-contrib-imagemin/package.json
27 verbose read json /var/www/newhavenio-website/public_html/node_modules/grunt-contrib-jshint/package.json
28 verbose read json /var/www/newhavenio-website/public_html/node_modules/grunt-contrib-uglify/package.json
29 verbose read json /var/www/newhavenio-website/public_html/node_modules/grunt-contrib-watch/package.json
30 verbose read json /var/www/newhavenio-website/public_html/node_modules/grunt-google-cdn/package.json
31 verbose read json /var/www/newhavenio-website/public_html/node_modules/grunt-karma/package.json
32 verbose read json /var/www/newhavenio-website/public_html/node_modules/grunt-ngmin/package.json
33 verbose read json /var/www/newhavenio-website/public_html/node_modules/grunt-open/package.json
34 verbose read json /var/www/newhavenio-website/public_html/node_modules/grunt-rev/package.json
35 verbose read json /var/www/newhavenio-website/public_html/node_modules/grunt-s3/package.json
36 verbose read json /var/www/newhavenio-website/public_html/node_modules/grunt-svgmin/package.json
37 verbose read json /var/www/newhavenio-website/public_html/node_modules/grunt-usemin/package.json
38 verbose read json /var/www/newhavenio-website/public_html/node_modules/matchdep/package.json
39 verbose read json /var/www/newhavenio-website/public_html/node_modules/yo/package.json
40 verbose from cache /var/www/newhavenio-website/public_html/package.json
41 verbose readDependencies using package.json deps
42 verbose read json /var/www/newhavenio-website/public_html/node_modules/bower/package.json
43 verbose from cache /var/www/newhavenio-website/public_html/node_modules/connect-livereload/package.json
44 verbose from cache /var/www/newhavenio-website/public_html/node_modules/generator-angular/package.json
45 verbose from cache /var/www/newhavenio-website/public_html/node_modules/generator-karma/package.json
46 verbose from cache /var/www/newhavenio-website/public_html/node_modules/grunt/package.json
47 verbose from cache /var/www/newhavenio-website/public_html/node_modules/grunt-cli/package.json
48 verbose from cache /var/www/newhavenio-website/public_html/node_modules/grunt-concurrent/package.json
49 verbose from cache /var/www/newhavenio-website/public_html/node_modules/grunt-contrib-clean/package.json
50 verbose from cache /var/www/newhavenio-website/public_html/node_modules/grunt-contrib-coffee/package.json
51 verbose from cache /var/www/newhavenio-website/public_html/node_modules/grunt-contrib-compass/package.json
52 verbose from cache /var/www/newhavenio-website/public_html/node_modules/grunt-contrib-concat/package.json
53 verbose from cache /var/www/newhavenio-website/public_html/node_modules/grunt-contrib-connect/package.json
54 verbose from cache /var/www/newhavenio-website/public_html/node_modules/grunt-contrib-copy/package.json
55 verbose from cache /var/www/newhavenio-website/public_html/node_modules/grunt-contrib-cssmin/package.json
56 verbose from cache /var/www/newhavenio-website/public_html/node_modules/grunt-contrib-htmlmin/package.json
57 verbose from cache /var/www/newhavenio-website/public_html/node_modules/grunt-contrib-imagemin/package.json
58 verbose from cache /var/www/newhavenio-website/public_html/node_modules/grunt-contrib-jshint/package.json
59 verbose from cache /var/www/newhavenio-website/public_html/node_modules/grunt-contrib-uglify/package.json
60 verbose from cache /var/www/newhavenio-website/public_html/node_modules/grunt-contrib-watch/package.json
61 verbose from cache /var/www/newhavenio-website/public_html/node_modules/grunt-google-cdn/package.json
62 verbose from cache /var/www/newhavenio-website/public_html/node_modules/grunt-karma/package.json
63 verbose from cache /var/www/newhavenio-website/public_html/node_modules/grunt-ngmin/package.json
64 verbose from cache /var/www/newhavenio-website/public_html/node_modules/grunt-open/package.json
65 verbose from cache /var/www/newhavenio-website/public_html/node_modules/grunt-rev/package.json
66 verbose from cache /var/www/newhavenio-website/public_html/node_modules/grunt-s3/package.json
67 verbose from cache /var/www/newhavenio-website/public_html/node_modules/grunt-svgmin/package.json
68 verbose from cache /var/www/newhavenio-website/public_html/node_modules/grunt-usemin/package.json
69 verbose from cache /var/www/newhavenio-website/public_html/node_modules/matchdep/package.json
70 verbose from cache /var/www/newhavenio-website/public_html/node_modules/yo/package.json
71 verbose already installed skipping grunt-contrib-compass@~0.3.0 /var/www/newhavenio-website/public_html
72 verbose already installed skipping grunt-contrib-jshint@~0.6.0 /var/www/newhavenio-website/public_html
73 verbose already installed skipping grunt-contrib-cssmin@~0.6.0 /var/www/newhavenio-website/public_html
74 verbose already installed skipping grunt-contrib-connect@~0.3.0 /var/www/newhavenio-website/public_html
75 verbose already installed skipping grunt-contrib-clean@~0.4.1 /var/www/newhavenio-website/public_html
76 verbose already installed skipping grunt-contrib-htmlmin@~0.1.3 /var/www/newhavenio-website/public_html
77 verbose already installed skipping grunt-contrib-imagemin@~0.1.4 /var/www/newhavenio-website/public_html
78 verbose already installed skipping grunt-contrib-watch@~0.4.0 /var/www/newhavenio-website/public_html
79 verbose already installed skipping grunt-usemin@~0.1.11 /var/www/newhavenio-website/public_html
80 verbose already installed skipping grunt-svgmin@~0.2.0 /var/www/newhavenio-website/public_html
81 verbose already installed skipping grunt-rev@~0.1.0 /var/www/newhavenio-website/public_html
82 verbose already installed skipping grunt-open@~0.2.0 /var/www/newhavenio-website/public_html
83 verbose already installed skipping grunt-concurrent@~0.3.0 /var/www/newhavenio-website/public_html
84 verbose already installed skipping matchdep@~0.1.2 /var/www/newhavenio-website/public_html
85 verbose already installed skipping connect-livereload@~0.2.0 /var/www/newhavenio-website/public_html
86 verbose already installed skipping grunt-google-cdn@~0.2.0 /var/www/newhavenio-website/public_html
87 verbose already installed skipping grunt-ngmin@~0.0.2 /var/www/newhavenio-website/public_html
88 verbose already installed skipping grunt-cli@~0.1.9 /var/www/newhavenio-website/public_html
89 verbose cache add [ 'bower@~1.1.0', null ]
90 verbose cache add name=undefined spec="bower@~1.1.0" args=["bower@~1.1.0",null]
91 verbose parsed url { protocol: null,
91 verbose parsed url   slashes: null,
91 verbose parsed url   auth: null,
91 verbose parsed url   host: null,
91 verbose parsed url   port: null,
91 verbose parsed url   hostname: null,
91 verbose parsed url   hash: null,
91 verbose parsed url   search: null,
91 verbose parsed url   query: null,
91 verbose parsed url   pathname: 'bower@~1.1.0',
91 verbose parsed url   path: 'bower@~1.1.0',
91 verbose parsed url   href: 'bower@~1.1.0' }
92 verbose cache add name="bower" spec="~1.1.0" args=["bower","~1.1.0"]
93 verbose parsed url { protocol: null,
93 verbose parsed url   slashes: null,
93 verbose parsed url   auth: null,
93 verbose parsed url   host: null,
93 verbose parsed url   port: null,
93 verbose parsed url   hostname: null,
93 verbose parsed url   hash: null,
93 verbose parsed url   search: null,
93 verbose parsed url   query: null,
93 verbose parsed url   pathname: '~1.1.0',
93 verbose parsed url   path: '~1.1.0',
93 verbose parsed url   href: '~1.1.0' }
94 verbose addNamed [ 'bower', '~1.1.0' ]
95 verbose addNamed [ null, '>=1.1.0- <1.2.0-' ]
96 verbose already installed skipping grunt-s3@~0.2.0-alpha.2 /var/www/newhavenio-website/public_html
97 verbose already installed skipping generator-angular@~0.3.1 /var/www/newhavenio-website/public_html
98 silly lockFile 06e7e085-bower-1-1-0 bower@~1.1.0
99 verbose lock bower@~1.1.0 /home/vagrant/.npm/06e7e085-bower-1-1-0.lock
100 verbose already installed skipping grunt-karma@~0.4.3 /var/www/newhavenio-website/public_html
101 silly addNameRange { name: 'bower', range: '>=1.1.0- <1.2.0-', hasData: false }
102 verbose already installed skipping grunt@~0.4.1 /var/www/newhavenio-website/public_html
103 verbose already installed skipping grunt-contrib-concat@~0.3.0 /var/www/newhavenio-website/public_html
104 verbose url raw bower
105 verbose url resolving [ 'https://registry.npmjs.org/', './bower' ]
106 verbose url resolved https://registry.npmjs.org/bower
107 info trying registry request attempt 1 at 17:21:49
108 verbose etag "QOLLJ2S181XNMWXCC8PINVJD"
109 http GET https://registry.npmjs.org/bower
110 verbose already installed skipping grunt-contrib-coffee@~0.7.0 /var/www/newhavenio-website/public_html
111 verbose already installed skipping grunt-contrib-copy@~0.4.1 /var/www/newhavenio-website/public_html
112 verbose already installed skipping grunt-contrib-uglify@~0.2.0 /var/www/newhavenio-website/public_html
113 http 200 https://registry.npmjs.org/bower
114 silly registry.get cb [ 200,
114 silly registry.get   { vary: 'Accept',
114 silly registry.get     server: 'CouchDB/1.3.0 (Erlang OTP/R15B03)',
114 silly registry.get     etag: '"7GQTJOJ3A6GLXVLJDPIIHD9SD"',
114 silly registry.get     date: 'Sun, 11 Aug 2013 21:21:54 GMT',
114 silly registry.get     'content-type': 'application/json',
114 silly registry.get     'content-length': '528030' } ]
115 silly addNameRange number 2 { name: 'bower', range: '>=1.1.0- <1.2.0-', hasData: true }
116 silly addNameRange versions [ 'bower',
116 silly addNameRange   [ '0.1.0',
116 silly addNameRange     '0.1.2',
116 silly addNameRange     '0.1.3',
116 silly addNameRange     '0.2.0',
116 silly addNameRange     '0.3.0',
116 silly addNameRange     '0.3.1',
116 silly addNameRange     '0.3.2',
116 silly addNameRange     '0.4.0',
116 silly addNameRange     '0.5.0',
116 silly addNameRange     '0.5.1',
116 silly addNameRange     '0.6.0',
116 silly addNameRange     '0.6.1',
116 silly addNameRange     '0.6.2',
116 silly addNameRange     '0.6.3',
116 silly addNameRange     '0.6.4',
116 silly addNameRange     '0.6.5',
116 silly addNameRange     '0.6.6',
116 silly addNameRange     '0.6.7',
116 silly addNameRange     '0.6.8',
116 silly addNameRange     '0.7.0',
116 silly addNameRange     '0.7.1',
116 silly addNameRange     '0.8.0',
116 silly addNameRange     '0.8.1',
116 silly addNameRange     '0.8.2',
116 silly addNameRange     '0.8.3',
116 silly addNameRange     '0.8.4',
116 silly addNameRange     '0.8.5',
116 silly addNameRange     '0.8.6',
116 silly addNameRange     '0.9.0',
116 silly addNameRange     '0.9.1',
116 silly addNameRange     '0.9.2',
116 silly addNameRange     '0.10.0',
116 silly addNameRange     '1.0.0',
116 silly addNameRange     '1.0.1',
116 silly addNameRange     '1.0.2',
116 silly addNameRange     '1.0.3',
116 silly addNameRange     '1.1.0',
116 silly addNameRange     '1.1.1',
116 silly addNameRange     '1.1.2' ] ]
117 verbose addNamed [ 'bower', '1.1.2' ]
118 verbose addNamed [ '1.1.2', '1.1.2' ]
119 silly lockFile f2a29664-bower-1-1-2 bower@1.1.2
120 verbose lock bower@1.1.2 /home/vagrant/.npm/f2a29664-bower-1-1-2.lock
121 silly lockFile fa2f5560--npmjs-org-bower-bower-1-1-2-tgz https://registry.npmjs.org/bower/-/bower-1.1.2.tgz
122 verbose lock https://registry.npmjs.org/bower/-/bower-1.1.2.tgz /home/vagrant/.npm/fa2f5560--npmjs-org-bower-bower-1-1-2-tgz.lock
123 verbose addRemoteTarball [ 'https://registry.npmjs.org/bower/-/bower-1.1.2.tgz',
123 verbose addRemoteTarball   '89c8d5c75b8359e06fc6a6e3cf4105c3bd6946a1' ]
124 info retry fetch attempt 1 at 17:21:56
125 verbose fetch to= /home/vagrant/tmp/npm-5755/1376256116354-0.30147947976365685/tmp.tgz
126 http GET https://registry.npmjs.org/bower/-/bower-1.1.2.tgz
127 http 200 https://registry.npmjs.org/bower/-/bower-1.1.2.tgz
128 verbose tar unpack /home/vagrant/tmp/npm-5755/1376256116354-0.30147947976365685/tmp.tgz
129 silly lockFile d880788d-6354-0-30147947976365685-package /home/vagrant/tmp/npm-5755/1376256116354-0.30147947976365685/package
130 verbose lock /home/vagrant/tmp/npm-5755/1376256116354-0.30147947976365685/package /home/vagrant/.npm/d880788d-6354-0-30147947976365685-package.lock
131 silly lockFile e33b82f6-6354-0-30147947976365685-tmp-tgz /home/vagrant/tmp/npm-5755/1376256116354-0.30147947976365685/tmp.tgz
132 verbose lock /home/vagrant/tmp/npm-5755/1376256116354-0.30147947976365685/tmp.tgz /home/vagrant/.npm/e33b82f6-6354-0-30147947976365685-tmp-tgz.lock
133 silly gunzTarPerm modes [ '755', '644' ]
134 silly gunzTarPerm extractEntry package.json
135 silly gunzTarPerm extractEntry .npmignore
136 silly gunzTarPerm extractEntry README.md
137 silly gunzTarPerm extractEntry LICENSE
138 silly gunzTarPerm extractEntry Gruntfile.js
139 silly gunzTarPerm extractEntry CONTRIBUTING.md
140 silly gunzTarPerm extractEntry .editorconfig
141 silly gunzTarPerm extractEntry .jshintrc
142 silly gunzTarPerm extractEntry .travis.yml
143 silly gunzTarPerm extractEntry bin/bower
144 silly gunzTarPerm extractEntry lib/config.js
145 silly gunzTarPerm extractEntry lib/index.js
146 silly gunzTarPerm extractEntry lib/commands/update.js
147 silly gunzTarPerm extractEntry lib/commands/index.js
148 silly gunzTarPerm extractEntry lib/commands/info.js
149 silly gunzTarPerm extractEntry lib/commands/init.js
150 silly gunzTarPerm extractEntry lib/commands/install.js
151 silly gunzTarPerm extractEntry lib/commands/home.js
152 silly gunzTarPerm extractEntry lib/commands/list.js
153 silly gunzTarPerm extractEntry lib/commands/lookup.js
154 silly gunzTarPerm extractEntry lib/commands/prune.js
155 silly gunzTarPerm extractEntry lib/commands/register.js
156 silly gunzTarPerm extractEntry lib/commands/search.js
157 silly gunzTarPerm extractEntry lib/commands/help.js
158 silly gunzTarPerm extractEntry lib/commands/uninstall.js
159 silly gunzTarPerm extractEntry lib/commands/completion.js
160 silly gunzTarPerm extractEntry lib/commands/link.js
161 silly gunzTarPerm extractEntry lib/commands/cache/clean.js
162 silly gunzTarPerm extractEntry lib/commands/cache/index.js
163 silly gunzTarPerm extractEntry lib/commands/cache/list.js
164 silly gunzTarPerm extractEntry lib/core/Manager.js
165 silly gunzTarPerm extractEntry lib/core/PackageRepository.js
166 silly gunzTarPerm extractEntry lib/core/Project.js
167 silly gunzTarPerm extractEntry lib/core/ResolveCache.js
168 silly gunzTarPerm extractEntry lib/core/resolverFactory.js
169 silly gunzTarPerm extractEntry lib/core/resolvers/FsResolver.js
170 silly gunzTarPerm extractEntry lib/core/resolvers/GitFsResolver.js
171 silly gunzTarPerm extractEntry lib/core/resolvers/GitHubResolver.js
172 silly gunzTarPerm extractEntry lib/core/resolvers/GitRemoteResolver.js
173 silly gunzTarPerm extractEntry lib/core/resolvers/GitResolver.js
174 silly gunzTarPerm extractEntry lib/core/resolvers/Resolver.js
175 silly gunzTarPerm extractEntry lib/core/resolvers/UrlResolver.js
176 silly gunzTarPerm extractEntry lib/core/resolvers/index.js
177 silly gunzTarPerm extractEntry lib/renderers/JsonRenderer.js
178 silly gunzTarPerm extractEntry lib/renderers/StandardRenderer.js
179 silly gunzTarPerm extractEntry lib/renderers/index.js
180 silly gunzTarPerm extractEntry lib/util/cli.js
181 silly gunzTarPerm extractEntry lib/util/copy.js
182 silly gunzTarPerm extractEntry lib/util/createError.js
183 silly gunzTarPerm extractEntry lib/util/download.js
184 silly gunzTarPerm extractEntry lib/util/extract.js
185 silly gunzTarPerm extractEntry lib/util/cmd.js
186 silly gunzTarPerm extractEntry lib/util/readJson.js
187 silly gunzTarPerm extractEntry lib/util/removeIgnores.js
188 silly gunzTarPerm extractEntry lib/util/rootCheck.js
189 silly gunzTarPerm extractEntry lib/util/template.js
190 silly gunzTarPerm extractEntry lib/util/validLink.js
191 silly gunzTarPerm extractEntry lib/util/md5.js
192 silly gunzTarPerm extractEntry CHANGELOG.md
193 silly gunzTarPerm extractEntry templates/helpers/colors.js
194 silly gunzTarPerm extractEntry templates/helpers/condense.js
195 silly gunzTarPerm extractEntry templates/helpers/indent.js
196 silly gunzTarPerm extractEntry templates/helpers/index.js
197 silly gunzTarPerm extractEntry templates/helpers/rpad.js
198 silly gunzTarPerm extractEntry templates/helpers/sum.js
199 silly gunzTarPerm extractEntry templates/json/help-list.json
200 silly gunzTarPerm extractEntry templates/json/help-cache/clean.json
201 silly gunzTarPerm extractEntry templates/json/help-cache/list.json
202 silly gunzTarPerm extractEntry templates/json/help-home.json
203 silly gunzTarPerm extractEntry templates/json/help-info.json
204 silly gunzTarPerm extractEntry templates/json/help-init.json
205 silly gunzTarPerm extractEntry templates/json/help-install.json
206 silly gunzTarPerm extractEntry templates/json/help-link.json
207 silly gunzTarPerm extractEntry templates/json/help-cache.json
208 silly gunzTarPerm extractEntry templates/json/help-lookup.json
209 silly gunzTarPerm extractEntry templates/json/help-prune.json
210 silly gunzTarPerm extractEntry templates/json/help-register.json
211 silly gunzTarPerm extractEntry templates/json/help-search.json
212 silly gunzTarPerm extractEntry templates/json/help-uninstall.json
213 silly gunzTarPerm extractEntry templates/json/help-update.json
214 silly gunzTarPerm extractEntry templates/json/help.json
215 silly gunzTarPerm extractEntry templates/std/conflict-resolved.std
216 silly gunzTarPerm extractEntry templates/std/conflict.std
217 silly gunzTarPerm extractEntry templates/std/help-cache.std
218 silly gunzTarPerm extractEntry templates/std/help-generic.std
219 silly gunzTarPerm extractEntry templates/std/help.std
220 silly gunzTarPerm extractEntry templates/std/info.std
221 silly gunzTarPerm extractEntry templates/std/lookup.std
222 silly gunzTarPerm extractEntry templates/std/register.std
223 silly gunzTarPerm extractEntry templates/std/search-results.std
224 silly gunzTarPerm extractEntry templates/std/update-notice.std
225 silly gunzTarPerm extractEntry test/packages.js
226 silly gunzTarPerm extractEntry test/test.js
227 silly gunzTarPerm extractEntry test/assets/package-tar.tar.gz
228 silly gunzTarPerm extractEntry test/assets/package-zip-folder-single-file.zip
229 silly gunzTarPerm extractEntry test/assets/package-zip-folder.zip
230 silly gunzTarPerm extractEntry test/assets/package-zip-single-bower-json.zip
231 silly gunzTarPerm extractEntry test/assets/package-zip-single-component-json.zip
232 silly gunzTarPerm extractEntry test/assets/package-zip-single-file.zip
233 silly gunzTarPerm extractEntry test/assets/package-zip.zip
234 silly gunzTarPerm extractEntry test/assets/resolve-cache/list-json-1.json
235 silly gunzTarPerm extractEntry test/assets/test-temp-dir/test-exception.js
236 silly gunzTarPerm extractEntry test/assets/test-temp-dir/test.js
237 silly gunzTarPerm extractEntry test/core/packageRepository.js
238 silly gunzTarPerm extractEntry test/core/resolveCache.js
239 silly gunzTarPerm extractEntry test/core/resolverFactory.js
240 silly gunzTarPerm extractEntry test/core/resolvers/fsResolver.js
241 silly gunzTarPerm extractEntry test/core/resolvers/gitFsResolver.js
242 silly gunzTarPerm extractEntry test/core/resolvers/gitHubResolver.js
243 silly gunzTarPerm extractEntry test/core/resolvers/gitRemoteResolver.js
244 silly gunzTarPerm extractEntry test/core/resolvers/gitResolver.js
245 silly gunzTarPerm extractEntry test/core/resolvers/resolver.js
246 silly gunzTarPerm extractEntry test/core/resolvers/urlResolver.js
247 silly gunzTarPerm extractEntry test/packages.json
248 verbose read json /home/vagrant/tmp/npm-5755/1376256116354-0.30147947976365685/package/package.json
249 silly lockFile d880788d-6354-0-30147947976365685-package /home/vagrant/tmp/npm-5755/1376256116354-0.30147947976365685/package
250 silly lockFile d880788d-6354-0-30147947976365685-package /home/vagrant/tmp/npm-5755/1376256116354-0.30147947976365685/package
251 silly lockFile e33b82f6-6354-0-30147947976365685-tmp-tgz /home/vagrant/tmp/npm-5755/1376256116354-0.30147947976365685/tmp.tgz
252 silly lockFile e33b82f6-6354-0-30147947976365685-tmp-tgz /home/vagrant/tmp/npm-5755/1376256116354-0.30147947976365685/tmp.tgz
253 verbose from cache /home/vagrant/tmp/npm-5755/1376256116354-0.30147947976365685/package/package.json
254 verbose tar pack [ '/home/vagrant/.npm/bower/1.1.2/package.tgz',
254 verbose tar pack   '/home/vagrant/tmp/npm-5755/1376256116354-0.30147947976365685/package' ]
255 verbose tarball /home/vagrant/.npm/bower/1.1.2/package.tgz
256 verbose folder /home/vagrant/tmp/npm-5755/1376256116354-0.30147947976365685/package
257 silly lockFile d880788d-6354-0-30147947976365685-package /home/vagrant/tmp/npm-5755/1376256116354-0.30147947976365685/package
258 verbose lock /home/vagrant/tmp/npm-5755/1376256116354-0.30147947976365685/package /home/vagrant/.npm/d880788d-6354-0-30147947976365685-package.lock
259 silly lockFile a13e1fc6-rant-npm-bower-1-1-2-package-tgz /home/vagrant/.npm/bower/1.1.2/package.tgz
260 verbose lock /home/vagrant/.npm/bower/1.1.2/package.tgz /home/vagrant/.npm/a13e1fc6-rant-npm-bower-1-1-2-package-tgz.lock
261 silly lockFile d880788d-6354-0-30147947976365685-package /home/vagrant/tmp/npm-5755/1376256116354-0.30147947976365685/package
262 silly lockFile d880788d-6354-0-30147947976365685-package /home/vagrant/tmp/npm-5755/1376256116354-0.30147947976365685/package
263 silly lockFile a13e1fc6-rant-npm-bower-1-1-2-package-tgz /home/vagrant/.npm/bower/1.1.2/package.tgz
264 silly lockFile a13e1fc6-rant-npm-bower-1-1-2-package-tgz /home/vagrant/.npm/bower/1.1.2/package.tgz
265 silly lockFile cc10d84c--vagrant-npm-bower-1-1-2-package /home/vagrant/.npm/bower/1.1.2/package
266 verbose lock /home/vagrant/.npm/bower/1.1.2/package /home/vagrant/.npm/cc10d84c--vagrant-npm-bower-1-1-2-package.lock
267 silly lockFile cc10d84c--vagrant-npm-bower-1-1-2-package /home/vagrant/.npm/bower/1.1.2/package
268 silly lockFile cc10d84c--vagrant-npm-bower-1-1-2-package /home/vagrant/.npm/bower/1.1.2/package
269 verbose tar unpack /home/vagrant/.npm/bower/1.1.2/package.tgz
270 silly lockFile cc10d84c--vagrant-npm-bower-1-1-2-package /home/vagrant/.npm/bower/1.1.2/package
271 verbose lock /home/vagrant/.npm/bower/1.1.2/package /home/vagrant/.npm/cc10d84c--vagrant-npm-bower-1-1-2-package.lock
272 silly lockFile a13e1fc6-rant-npm-bower-1-1-2-package-tgz /home/vagrant/.npm/bower/1.1.2/package.tgz
273 verbose lock /home/vagrant/.npm/bower/1.1.2/package.tgz /home/vagrant/.npm/a13e1fc6-rant-npm-bower-1-1-2-package-tgz.lock
274 silly gunzTarPerm modes [ '755', '644' ]
275 silly gunzTarPerm extractEntry package.json
276 silly gunzTarPerm extractEntry .npmignore
277 silly gunzTarPerm extractEntry README.md
278 silly gunzTarPerm extractEntry LICENSE
279 silly gunzTarPerm extractEntry Gruntfile.js
280 silly gunzTarPerm extractEntry CONTRIBUTING.md
281 silly gunzTarPerm extractEntry .editorconfig
282 silly gunzTarPerm extractEntry .jshintrc
283 silly gunzTarPerm extractEntry .travis.yml
284 silly gunzTarPerm extractEntry bin/bower
285 silly gunzTarPerm extractEntry lib/config.js
286 silly gunzTarPerm extractEntry lib/index.js
287 silly gunzTarPerm extractEntry lib/commands/update.js
288 silly gunzTarPerm extractEntry lib/commands/index.js
289 silly gunzTarPerm extractEntry lib/commands/info.js
290 silly gunzTarPerm extractEntry lib/commands/init.js
291 silly gunzTarPerm extractEntry lib/commands/install.js
292 silly gunzTarPerm extractEntry lib/commands/home.js
293 silly gunzTarPerm extractEntry lib/commands/list.js
294 silly gunzTarPerm extractEntry lib/commands/lookup.js
295 silly gunzTarPerm extractEntry lib/commands/prune.js
296 silly gunzTarPerm extractEntry lib/commands/register.js
297 silly gunzTarPerm extractEntry lib/commands/search.js
298 silly gunzTarPerm extractEntry lib/commands/help.js
299 silly gunzTarPerm extractEntry lib/commands/uninstall.js
300 silly gunzTarPerm extractEntry lib/commands/completion.js
301 silly gunzTarPerm extractEntry lib/commands/link.js
302 silly gunzTarPerm extractEntry lib/commands/cache/clean.js
303 silly gunzTarPerm extractEntry lib/commands/cache/index.js
304 silly gunzTarPerm extractEntry lib/commands/cache/list.js
305 silly gunzTarPerm extractEntry lib/core/Manager.js
306 silly gunzTarPerm extractEntry lib/core/PackageRepository.js
307 silly gunzTarPerm extractEntry lib/core/Project.js
308 silly gunzTarPerm extractEntry lib/core/ResolveCache.js
309 silly gunzTarPerm extractEntry lib/core/resolverFactory.js
310 silly gunzTarPerm extractEntry lib/core/resolvers/FsResolver.js
311 silly gunzTarPerm extractEntry lib/core/resolvers/GitFsResolver.js
312 silly gunzTarPerm extractEntry lib/core/resolvers/GitHubResolver.js
313 silly gunzTarPerm extractEntry lib/core/resolvers/GitRemoteResolver.js
314 silly gunzTarPerm extractEntry lib/core/resolvers/GitResolver.js
315 silly gunzTarPerm extractEntry lib/core/resolvers/Resolver.js
316 silly gunzTarPerm extractEntry lib/core/resolvers/UrlResolver.js
317 silly gunzTarPerm extractEntry lib/core/resolvers/index.js
318 silly gunzTarPerm extractEntry lib/renderers/JsonRenderer.js
319 silly gunzTarPerm extractEntry lib/renderers/StandardRenderer.js
320 silly gunzTarPerm extractEntry lib/renderers/index.js
321 silly gunzTarPerm extractEntry lib/util/cli.js
322 silly gunzTarPerm extractEntry lib/util/copy.js
323 silly gunzTarPerm extractEntry lib/util/createError.js
324 silly gunzTarPerm extractEntry lib/util/download.js
325 silly gunzTarPerm extractEntry lib/util/extract.js
326 silly gunzTarPerm extractEntry lib/util/cmd.js
327 silly gunzTarPerm extractEntry lib/util/readJson.js
328 silly gunzTarPerm extractEntry lib/util/removeIgnores.js
329 silly gunzTarPerm extractEntry lib/util/rootCheck.js
330 silly gunzTarPerm extractEntry lib/util/template.js
331 silly gunzTarPerm extractEntry lib/util/validLink.js
332 silly gunzTarPerm extractEntry lib/util/md5.js
333 silly gunzTarPerm extractEntry CHANGELOG.md
334 silly gunzTarPerm extractEntry templates/helpers/colors.js
335 silly gunzTarPerm extractEntry templates/helpers/condense.js
336 silly gunzTarPerm extractEntry templates/helpers/indent.js
337 silly gunzTarPerm extractEntry templates/helpers/index.js
338 silly gunzTarPerm extractEntry templates/helpers/rpad.js
339 silly gunzTarPerm extractEntry templates/helpers/sum.js
340 silly gunzTarPerm extractEntry templates/json/help-list.json
341 silly gunzTarPerm extractEntry templates/json/help-cache/clean.json
342 silly gunzTarPerm extractEntry templates/json/help-cache/list.json
343 silly gunzTarPerm extractEntry templates/json/help-home.json
344 silly gunzTarPerm extractEntry templates/json/help-info.json
345 silly gunzTarPerm extractEntry templates/json/help-init.json
346 silly gunzTarPerm extractEntry templates/json/help-install.json
347 silly gunzTarPerm extractEntry templates/json/help-link.json
348 silly gunzTarPerm extractEntry templates/json/help-cache.json
349 silly gunzTarPerm extractEntry templates/json/help-lookup.json
350 silly gunzTarPerm extractEntry templates/json/help-prune.json
351 silly gunzTarPerm extractEntry templates/json/help-register.json
352 silly gunzTarPerm extractEntry templates/json/help-search.json
353 silly gunzTarPerm extractEntry templates/json/help-uninstall.json
354 silly gunzTarPerm extractEntry templates/json/help-update.json
355 silly gunzTarPerm extractEntry templates/json/help.json
356 silly gunzTarPerm extractEntry templates/std/conflict-resolved.std
357 silly gunzTarPerm extractEntry templates/std/conflict.std
358 silly gunzTarPerm extractEntry templates/std/help-cache.std
359 silly gunzTarPerm extractEntry templates/std/help-generic.std
360 silly gunzTarPerm extractEntry templates/std/help.std
361 silly gunzTarPerm extractEntry templates/std/info.std
362 silly gunzTarPerm extractEntry templates/std/lookup.std
363 silly gunzTarPerm extractEntry templates/std/register.std
364 silly gunzTarPerm extractEntry templates/std/search-results.std
365 silly gunzTarPerm extractEntry templates/std/update-notice.std
366 silly gunzTarPerm extractEntry test/packages.js
367 silly gunzTarPerm extractEntry test/test.js
368 silly gunzTarPerm extractEntry test/assets/package-tar.tar.gz
369 silly gunzTarPerm extractEntry test/assets/package-zip-folder-single-file.zip
370 silly gunzTarPerm extractEntry test/assets/package-zip-folder.zip
371 silly gunzTarPerm extractEntry test/assets/package-zip-single-bower-json.zip
372 silly gunzTarPerm extractEntry test/assets/package-zip-single-component-json.zip
373 silly gunzTarPerm extractEntry test/assets/package-zip-single-file.zip
374 silly gunzTarPerm extractEntry test/assets/package-zip.zip
375 silly gunzTarPerm extractEntry test/assets/resolve-cache/list-json-1.json
376 silly gunzTarPerm extractEntry test/assets/test-temp-dir/test-exception.js
377 silly gunzTarPerm extractEntry test/assets/test-temp-dir/test.js
378 silly gunzTarPerm extractEntry test/core/packageRepository.js
379 silly gunzTarPerm extractEntry test/core/resolveCache.js
380 silly gunzTarPerm extractEntry test/core/resolverFactory.js
381 silly gunzTarPerm extractEntry test/core/resolvers/fsResolver.js
382 silly gunzTarPerm extractEntry test/core/resolvers/gitFsResolver.js
383 silly gunzTarPerm extractEntry test/core/resolvers/gitHubResolver.js
384 silly gunzTarPerm extractEntry test/core/resolvers/gitRemoteResolver.js
385 silly gunzTarPerm extractEntry test/core/resolvers/gitResolver.js
386 silly gunzTarPerm extractEntry test/core/resolvers/resolver.js
387 silly gunzTarPerm extractEntry test/core/resolvers/urlResolver.js
388 silly gunzTarPerm extractEntry test/packages.json
389 verbose read json /home/vagrant/.npm/bower/1.1.2/package/package.json
390 silly lockFile cc10d84c--vagrant-npm-bower-1-1-2-package /home/vagrant/.npm/bower/1.1.2/package
391 silly lockFile cc10d84c--vagrant-npm-bower-1-1-2-package /home/vagrant/.npm/bower/1.1.2/package
392 silly lockFile a13e1fc6-rant-npm-bower-1-1-2-package-tgz /home/vagrant/.npm/bower/1.1.2/package.tgz
393 silly lockFile a13e1fc6-rant-npm-bower-1-1-2-package-tgz /home/vagrant/.npm/bower/1.1.2/package.tgz
394 verbose from cache /home/vagrant/.npm/bower/1.1.2/package/package.json
395 verbose chmod /home/vagrant/.npm/bower/1.1.2/package.tgz 644
396 verbose chown /home/vagrant/.npm/bower/1.1.2/package.tgz [ 1000, 1000 ]
397 silly lockFile fa2f5560--npmjs-org-bower-bower-1-1-2-tgz https://registry.npmjs.org/bower/-/bower-1.1.2.tgz
398 silly lockFile fa2f5560--npmjs-org-bower-bower-1-1-2-tgz https://registry.npmjs.org/bower/-/bower-1.1.2.tgz
399 silly lockFile f2a29664-bower-1-1-2 bower@1.1.2
400 silly lockFile f2a29664-bower-1-1-2 bower@1.1.2
401 silly lockFile 06e7e085-bower-1-1-0 bower@~1.1.0
402 silly lockFile 06e7e085-bower-1-1-0 bower@~1.1.0
403 silly resolved [ { name: 'bower',
403 silly resolved     version: '1.1.2',
403 silly resolved     description: 'The browser package manager.',
403 silly resolved     author: { name: 'Twitter' },
403 silly resolved     licenses: [ [Object] ],
403 silly resolved     repository: { type: 'git', url: 'git://github.com/bower/bower.git' },
403 silly resolved     main: 'lib',
403 silly resolved     homepage: 'http://bower.io',
403 silly resolved     engines: { node: '>=0.8.0' },
403 silly resolved     dependencies:
403 silly resolved      { abbrev: '~1.0.4',
403 silly resolved        archy: '0.0.2',
403 silly resolved        'bower-config': '~0.3.0',
403 silly resolved        'bower-endpoint-parser': '~0.2.0',
403 silly resolved        'bower-json': '~0.3.0',
403 silly resolved        'bower-logger': '~0.1.0',
403 silly resolved        'bower-registry-client': '~0.1.2',
403 silly resolved        cardinal: '~0.4.0',
403 silly resolved        chalk: '~0.2.0',
403 silly resolved        chmodr: '~0.1.0',
403 silly resolved        fstream: '~0.1.22',
403 silly resolved        'fstream-ignore': '~0.0.6',
403 silly resolved        glob: '~3.2.1',
403 silly resolved        'graceful-fs': '~2.0.0',
403 silly resolved        handlebars: '~1.0.11',
403 silly resolved        inquirer: '~0.2.2',
403 silly resolved        junk: '~0.2.0',
403 silly resolved        mkdirp: '~0.3.5',
403 silly resolved        mout: '~0.6.0',
403 silly resolved        nopt: '~2.1.1',
403 silly resolved        'lru-cache': '~2.3.0',
403 silly resolved        open: '~0.0.3',
403 silly resolved        promptly: '~0.2.0',
403 silly resolved        q: '~0.9.2',
403 silly resolved        request: '~2.25.0',
403 silly resolved        'request-progress': '~0.2.0',
403 silly resolved        retry: '~0.6.0',
403 silly resolved        rimraf: '~2.2.0',
403 silly resolved        semver: '~2.1.0',
403 silly resolved        'stringify-object': '~0.1.4',
403 silly resolved        'sudo-block': '~0.2.0',
403 silly resolved        tar: '~0.1.17',
403 silly resolved        tmp: '~0.0.20',
403 silly resolved        unzip: '~0.1.7',
403 silly resolved        'update-notifier': '~0.1.3',
403 silly resolved        which: '~1.0.5' },
403 silly resolved     devDependencies:
403 silly resolved      { 'expect.js': '~0.2.0',
403 silly resolved        grunt: '~0.4.1',
403 silly resolved        'grunt-simple-mocha': '~0.4.0',
403 silly resolved        'grunt-contrib-watch': '~0.5.0',
403 silly resolved        'grunt-contrib-jshint': '~0.6.0',
403 silly resolved        'grunt-exec': '~0.4.2',
403 silly resolved        mocha: '~1.12.0',
403 silly resolved        nock: '~0.22.0',
403 silly resolved        istanbul: '~0.1.42',
403 silly resolved        proxyquire: '~0.4.1' },
403 silly resolved     scripts: { test: 'grunt test' },
403 silly resolved     bin: { bower: 'bin/bower' },
403 silly resolved     preferGlobal: true,
403 silly resolved     readme: '# BOWER [![Build Status](https://secure.travis-ci.org/bower/bower.png?branch=master)](http://travis-ci.org/bower/bower)\n\nBower is a package manager for the web. It offers a generic, unopinionated\nsolution to the problem of **front-end package management**, while exposing the\npackage dependency model via an API that can be consumed by a more opinionated\nbuild stack. There are no system wide dependencies, no dependencies are shared\nbetween different apps, and the dependency tree is flat.\n\nBower runs over Git, and is package-agnostic. A packaged component can be made\nup of any type of asset, and use any type of transport (e.g., AMD, CommonJS,\netc.).\n\n[View all packages available through Bower\'s registry](http://sindresorhus.com/bower-components/).\n\n\n## Installing Bower\n\nBower depends on [Node](http://nodejs.org/) and [npm](http://npmjs.org/). It\'s\ninstalled globally using npm:\n\n```\nnpm install -g bower\n```\n\nAlso make sure that [git](http://git-scm.com/) is installed as some bower\npackages require it to be fetched and installed.\n\n\n## Usage\n\nMuch more information is available via `bower help` once it\'s installed. This\nis just enough to get you started.\n\n#### Warning\n\nOn `prezto` or `oh-my-zsh`, do not forget to `alias bower=\'noglob bower\'` or `bower install jquery\\#1.9.1`\n\n#### Running commands with sudo\n\nBower is a user command, there is no need to execute it with superuser permissions.\nHowever, if you still want to run commands with sudo, use `--allow-root` option.\n\n### Installing packages and dependencies\n\nBower offers several ways to install packages:\n\n```bash\n# Using the dependencies listed in the current directory\'s bower.json\nbower install\n# Using a local or remote package\nbower install <package>\n# Using a specific version of a package\nbower install <package>#<version>\n# Using a different name and a specific version of a package\nbower install <name>=<package>#<version>\n```\n\nWhere `<package>` can be any one of the following:\n\n* A name that maps to a package registered with Bower, e.g, `jquery`. ‡\n* A remote Git endpoint, e.g., `git://github.com/someone/some-package.git`. Can be\n  public or private. ‡\n* A local endpoint, i.e., a folder that\'s a Git repository. ‡\n* A shorthand endpoint, e.g., `someone/some-package` (defaults to GitHub). ‡\n* A URL to a file, including `zip` and `tar` files. Its contents will be\n  extracted.\n\n‡ These types of `<package>` might have versions available. You can specify a\n[semver](http://semver.org/) compatible version to fetch a specific release, and lock the\npackage to that version. You can also use ranges to specify a range of versions.\n\nAll package contents are installed in the `bower_components` directory by default.\nYou should **never** directly modify the contents of this directory.\n\nUsing `bower list` will show all the packages that are installed locally.\n\n**N.B.** If you aren\'t authoring a package that is intended to be consumed by\nothers (e.g., you\'re building a web app), you should always check installed\npackages into source control.\n\n### Finding packages\n\nTo search for packages registered with Bower:\n\n```\nbower search [<name>]\n```\n\nUsing just `bower search` will list all packages in the registry.\n\n### Using packages\n\nThe easiest approach is to use Bower statically, just reference the package\'s\ninstalled components manually using a `script` tag:\n\n```html\n<script src="/bower_components/jquery/index.js"></script>\n```\n\nFor more complex projects, you\'ll probably want to concatenate your scripts or\nuse a module loader. Bower is just a package manager, but there are plenty of\nother tools -- such as [Sprockets](https://github.com/sstephenson/sprockets)\nand [RequireJS](http://requirejs.org/) -- that will help you do this.\n\n### Registering packages\n\nTo register a new package:\n\n* There **must** be a valid manifest JSON in the current working directory.\n* Your package should use [semver](http://semver.org/) Git tags.\n* Your package **must** be available at a Git endpoint (e.g., GitHub); remember\n  to push your Git tags!\n\nThen use the following command:\n\n```\nbower register <my-package-name> <git-endpoint>\n```\n\nThe Bower registry does not have authentication or user management at this point\nin time. It\'s on a first come, first served basis. Think of it like a URL\nshortener. Now anyone can run `bower install <my-package-name>`, and get your\nlibrary installed.\n\nThere is no direct way to unregister a package yet. For now, you can [request a\npackage be unregistered](https://github.com/bower/bower/issues/120).\n\n### Uninstalling packages\n\nTo uninstall a locally installed package:\n\n```\nbower uninstall <package-name>\n```\n\n\n## Configuration\n\nBower can be configured using JSON in a `.bowerrc` file.\n\nThe current spec can be read\n[here](https://docs.google.com/document/d/1APq7oA9tNao1UYWyOm8dKqlRP2blVkROYLZ2fLIjtWc/edit#heading=h.4pzytc1f9j8k)\nin the `Configuration` section.\n\n\n## Defining a package\n\nYou must create a `bower.json` in your project\'s root, and specify all of its\ndependencies. This is similar to Node\'s `package.json`, or Ruby\'s `Gemfile`,\nand is useful for locking down a project\'s dependencies.\n\n*NOTE:* In versions of Bower before 0.9.0 the package metadata file was called\n`component.json` rather than `bower.json`. This has changed to avoid a name\nclash with another tool. You can still use `component.json` for now but it is\ndeprecated and the automatic fallback is likely to be removed in an upcoming\nrelease.\n\nYou can interactively create a `bower.json` with the following command:\n\n```\nbower init\n```\n\nThe `bower.json` defines several options:\n\n* `name` (required): The name of your package.\n* `version`: A semantic version number (see [semver](http://semver.org/)).\n* `main` [string|array]: The primary endpoints of your package.\n* `ignore` [array]: An array of paths not needed in production that you want\n  Bower to ignore when installing your package.\n* `dependencies` [hash]: Packages your package depends upon in production.\n* `devDependencies` [hash]: Development dependencies.\n* `private` [boolean]: Set to true if you want to keep the package private and \n  do not want to register the package in future.\n\n```json\n{\n  "name": "my-project",\n  "version": "1.0.0",\n  "main": "path/to/main.css",\n  "ignore": [\n    ".jshintrc",\n    "**/*.txt"\n  ],\n  "dependencies": {\n    "<name>": "<version>",\n    "<name>": "<folder>",\n    "<name>": "<package>"\n  },\n  "devDependencies": {\n    "<test-framework-name>": "<version>"\n  }\n}\n```\n\n\n## Consuming a package\n\nBower also makes available a source mapping. This can be used by build tools to\neasily consume Bower packages.\n\nIf you pass the `--paths` option to Bower\'s `list` command, you will get a\nsimple path-to-name mapping:\n\n```json\n{\n  "backbone": "bower_components/backbone/index.js",\n  "jquery": "bower_components/jquery/index.js",\n  "underscore": "bower_components/underscore/index.js"\n}\n```\n\nAlternatively, every command supports the `--json` option that makes bower\noutput JSON. Command result is outputted to `stdout` and error/logs to\n`stderr`.\n\n\n## Programmatic API\n\nBower provides a powerful, programmatic API. All commands can be accessed\nthrough the `bower.commands` object.\n\n```js\nvar bower = require(\'bower\');\n\nbower.commands\n.install(paths, options)\n.on(\'end\', function (installed) {\n    console.log(installed);\n});\n\nbower.commands\n.search(\'jquery\', {})\n.on(\'end\', function (results) {\n    console.log(results);\n});\n```\n\nCommands emit three types of events: `log`, `end`, and `error`.\n\n* `log` is emitted to report the state/progress of the command.\n* `error` will only be emitted if something goes wrong.\n* `end` is emitted when the command successfully ends.\n\nFor a better of idea how this works, you may want to check out [our bin\nfile](https://github.com/bower/bower/blob/master/bin/bower).\n\n\n## Completion (experimental)\n\n_NOTE_: Completion is still not implemented for the 1.0.0 release\n\nBower now has an experimental `completion` command that is based on, and works\nsimilarly to the [npm completion](https://npmjs.org/doc/completion.html). It is\nnot available for Windows users.\n\nThis command will output a Bash / ZSH script to put into your `~/.bashrc`,\n`~/.bash_profile`, or `~/.zshrc` file.\n\n```\nbower completion >> ~/.bash_profile\n```\n\n\n## A note for Windows users\n\nTo use Bower on Windows, you must install\n[msysgit](http://code.google.com/p/msysgit/) correctly. Be sure to check the\noption shown below:\n\n![msysgit](http://f.cl.ly/items/2V2O3i1p3R2F1r2v0a12/mysgit.png)\n\nNote that if you use TortoiseGit and if Bower keeps asking for your SSH\npassword, you should add the following environment variable: `GIT_SSH -\nC:\\Program Files\\TortoiseGit\\bin\\TortoisePlink.exe`. Adjust the `TortoisePlink`\npath if needed.\n\n\n## Contact\n\nHave a question?\n\n* [StackOverflow](http://stackoverflow.com/questions/tagged/bower)\n* [Mailinglist](http://groups.google.com/group/twitter-bower) - twitter-bower@googlegroups.com\n* [\\#bower](http://webchat.freenode.net/?channels=bower) on Freenode\n\n\n## Contributing to this project\n\nAnyone and everyone is welcome to contribute. Please take a moment to\nreview the [guidelines for contributing](CONTRIBUTING.md).\n\n* [Bug reports](CONTRIBUTING.md#bugs)\n* [Feature requests](CONTRIBUTING.md#features)\n* [Pull requests](CONTRIBUTING.md#pull-requests)\n\n\n## Authors\n\n* [@fat](https://github.com/fat)\n* [@maccman](https://github.com/maccman)\n* [@satazor](https://github.com/satazor)\n\nThanks for assistance and contributions:\n\n[@addyosmani](https://github.com/addyosmani),\n[@angus-c](https://github.com/angus-c),\n[@borismus](https://github.com/borismus),\n[@carsonmcdonald](https://github.com/carsonmcdonald),\n[@chriseppstein](https://github.com/chriseppstein),\n[@danwrong](https://github.com/danwrong),\n[@davidmaxwaterman](https://github.com/davidmaxwaterman),\n[@desandro](https://github.com/desandro),\n[@hemanth](https://github.com/hemanth),\n[@isaacs](https://github.com/isaacs),\n[@josh](https://github.com/josh),\n[@jrburke](https://github.com/jrburke),\n[@marcelombc](https://github.com/marcelombc),\n[@marcooliveira](https://github.com/marcooliveira),\n[@mklabs](https://github.com/mklabs),\n[@necolas](https://github.com/necolas),\n[@paulirish](https://github.com/paulirish),\n[@richo](https://github.com/richo),\n[@rvagg](https://github.com/rvagg),\n[@sindresorhus](https://github.com/sindresorhus),\n[@SlexAxton](https://github.com/SlexAxton),\n[@sstephenson](https://github.com/sstephenson),\n[@svnlto](https://github.com/svnlto),\n[@tomdale](https://github.com/tomdale),\n[@uzquiano](https://github.com/uzquiano),\n[@visionmedia](https://github.com/visionmedia),\n[@wagenet](https://github.com/wagenet),\n[@wibblymat](https://github.com/wibblymat),\n[@wycats](https://github.com/wycats)\n\n\n## License\n\nCopyright 2012 Twitter, Inc.\n\nLicensed under the MIT License\n',
403 silly resolved     readmeFilename: 'README.md',
403 silly resolved     bugs: { url: 'https://github.com/bower/bower/issues' },
403 silly resolved     _id: 'bower@1.1.2',
403 silly resolved     dist: { shasum: 'ecf093b9cce3d174e7b01651202fdd0839f9f118' },
403 silly resolved     _from: 'bower@~1.1.0',
403 silly resolved     _resolved: 'https://registry.npmjs.org/bower/-/bower-1.1.2.tgz' } ]
404 info install bower@1.1.2 into /var/www/newhavenio-website/public_html
405 info installOne bower@1.1.2
406 verbose from cache /home/vagrant/.npm/bower/1.1.2/package/package.json
407 info /var/www/newhavenio-website/public_html/node_modules/bower unbuild
408 verbose read json /var/www/newhavenio-website/public_html/node_modules/bower/package.json
409 info /var/www/newhavenio-website/public_html/node_modules/bower unbuild
410 verbose read json /var/www/newhavenio-website/public_html/node_modules/bower/package.json
411 error error rolling back Error: EACCES, rmdir '/var/www/newhavenio-website/public_html/node_modules/bower/node_modules/glob'
411 error error rolling back  bower@1.1.2 { [Error: EACCES, rmdir '/var/www/newhavenio-website/public_html/node_modules/bower/node_modules/glob']
411 error error rolling back   errno: 3,
411 error error rolling back   code: 'EACCES',
411 error error rolling back   path: '/var/www/newhavenio-website/public_html/node_modules/bower/node_modules/glob' }
412 error Error: EACCES, rmdir '/var/www/newhavenio-website/public_html/node_modules/bower/node_modules/glob'
412 error  { [Error: EACCES, rmdir '/var/www/newhavenio-website/public_html/node_modules/bower/node_modules/glob']
412 error   errno: 3,
412 error   code: 'EACCES',
412 error   path: '/var/www/newhavenio-website/public_html/node_modules/bower/node_modules/glob' }
413 error Please try running this command again as root/Administrator.
414 error System Linux 3.8.0-23-generic
415 error command "/usr/bin/node" "/usr/bin/npm" "install"
416 error cwd /var/www/newhavenio-website/public_html
417 error node -v v0.10.7
418 error npm -v 1.2.21
419 error path /var/www/newhavenio-website/public_html/node_modules/bower/node_modules/glob
420 error code EACCES
421 error errno 3
422 error stack Error: EACCES, rmdir '/var/www/newhavenio-website/public_html/node_modules/bower/node_modules/glob'
423 verbose exit [ 3, true ]
